2022-06-29 05:39:00.254 - Create display
2022-06-29 05:39:00.409 - DBeaver 22.1.1.202206261508 is starting
2022-06-29 05:39:00.413 - OS: Linux 5.10.104-linuxkit (amd64)
2022-06-29 05:39:00.415 - Java version: 11.0.12 by Eclipse Foundation (64bit)
2022-06-29 05:39:00.417 - Install path: '/usr/share/dbeaver-ce'
2022-06-29 05:39:00.419 - Instance path: 'file:/home/admin/.local/share/DBeaverData/workspace6/'
2022-06-29 05:39:00.421 - Memory available 77Mb/1024Mb
> Start DBeaver UI Editors - Base [org.jkiss.dbeaver.ui.editors.base 1.0.84.202206261508]
2022-06-29 05:39:00.442 - Starting RMI server at 34437
2022-06-29 05:39:00.518 - Run workbench
> Start Eclipse e4 Workbench SWT [org.eclipse.e4.ui.workbench.swt 0.16.400.v20220222-1128]
> Start Eclipse Application Services [org.eclipse.e4.core.services 2.3.100.v20210910-0640]
> Start Eclipse UI Application Services [org.eclipse.e4.ui.services 1.5.0.v20210115-1333]
> Start EMF XML/XMI Persistence [org.eclipse.emf.ecore.xmi 2.16.0.v20190528-0725]
> Start Eclipse CSS SWT Theme Support [org.eclipse.e4.ui.css.swt.theme 0.13.0.v20201026-1147]
> Start Eclipse e4 Workbench Add-ons [org.eclipse.e4.ui.workbench.addons.swt 1.4.400.v20211102-0453]
> Start Eclipse e4 Workbench SWT Renderer [org.eclipse.e4.ui.workbench.renderers.swt 0.15.400.v20220308-0630]
> Start Eclipse Bindings Support [org.eclipse.e4.ui.bindings 0.13.100.v20210722-1426]
> Start Eclipse Dependency Injection Extensions [org.eclipse.e4.core.di.extensions 0.17.100.v20210910-0640]
> Start Eclipse CSS SWT Support [org.eclipse.e4.ui.css.swt 0.14.400.v20211026-1534]
> Start DBeaver UI [org.jkiss.dbeaver.ui 5.1.99.202206261508]
2022-06-29 05:39:01.917 - Configure workbench window
> Start Help System Core [org.eclipse.help 3.9.100.v20210721-0601]
2022-06-29 05:39:02.016 - Create actions
2022-06-29 05:39:02.023 - Disable Eclipse action set 'org.eclipse.ui.edit.text.actionSet.annotationNavigation'
2022-06-29 05:39:02.025 - Disable Eclipse action set 'org.eclipse.ui.WorkingSetActionSet'
2022-06-29 05:39:02.027 - Disable Eclipse action set 'org.eclipse.ui.actionSet.openFiles'
2022-06-29 05:39:02.506 - Initialize workbench window
2022-06-29 05:39:02.515 - Finish initialization
> Start Default Text Editor [org.eclipse.ui.editors 3.14.300.v20210913-0815]
> Start Text Editor Framework [org.eclipse.ui.workbench.texteditor 3.16.400.v20220218-1619]
> Start Equinox Java Authentication and Authorization Service (JAAS) [org.eclipse.equinox.security 1.3.900.v20220108-1321]
> Start Internet Connection Management UI [org.eclipse.ui.net 1.4.0.v20210426-0838]
> Start Internet Connection Management [org.eclipse.core.net 1.3.1100.v20210424-0724]
> Start DBeaver UI Editors - Data [org.jkiss.dbeaver.ui.editors.data 1.0.84.202206261508]
> Start DBeaver SQL Model [org.jkiss.dbeaver.model.sql 1.0.74.202206261508]
2022-06-29 05:39:03.611 - Loading user drivers configuration from '/home/admin/.local/share/DBeaverData/workspace6/.metadata/.plugins/org.jkiss.dbeaver.core/drivers.xml'
2022-06-29 05:39:03.625 - Total database drivers: 99 (99)
> Start DBeaver Sample Database [org.jkiss.dbeaver.ext.sample.database 1.0.121.202206261508]
> Start DBeaver Tip of the day [org.jkiss.dbeaver.ext.ui.tipoftheday 1.0.90.202206261508]
> Start Draw2d [org.eclipse.draw2dl 3.12.100.20220506142945]
> Start GEF3 GEF (MVC) [org.eclipse.gef3 3.12.100.20220506142945]
> Start DBeaver ERD UI [org.jkiss.dbeaver.erd.ui 3.0.44.202206261508]
> Start DBeaver ERD Model [org.jkiss.dbeaver.erd.model 1.0.44.202206261508]
> Start DBeaver UI Editors - SQL [org.jkiss.dbeaver.ui.editors.sql 1.0.84.202206261508]
2022-06-29 05:39:03.906 - Connect with 'kanmi_system' (mysql8-181ad1aad0a-52af7f2ce7c4bbf4)
> Start DBeaver MySQL Support [org.jkiss.dbeaver.ext.mysql 2.1.169.202206261508]
2022-06-29 05:39:03.973 - Execution context opened (kanmi_system; Main; 0)
> Start DBeaver GIS Support [org.jkiss.dbeaver.data.gis 1.0.108.202206261508]
2022-06-29 05:39:04.348 - Execution context opened (kanmi_system; Metadata; 1)
2022-06-29 05:39:04.458 - Connected (mysql8-181ad1aad0a-52af7f2ce7c4bbf4, MySQL Connector/J [mysql-connector-java-8.0.17 (Revision: 16a712ddb3f826a1933ab42b0039f7fb9eebc6ec)])
2022-06-29 05:39:34.165 - Can't get column 'password': Column 'password' not found.
> Start DBeaver MySQL UI Support [org.jkiss.dbeaver.ext.mysql.ui 1.0.76.202206261508]
> Start Team Support Core [org.eclipse.team.core 3.9.300.v20220204-0611]
